CRITICAL - 2021-06-18 04:52:00 --> unlink() expects parameter 2 to be resource, string given
#0 [internal function]: CodeIgniter\Debug\Exceptions->errorHandler(2, 'unlink() expect...', 'C:\\Users\\Bon ca...', 58, Array)
#1 C:\Users\Bon cabe\Documents\pesanan\nando\nando-app\app\Controllers\Admin.php(58): unlink('assets/img/admi...', '1623917399_d5ac...')
#2 C:\Users\Bon cabe\Documents\pesanan\nando\nando-app\vendor\codeigniter4\framework\system\CodeIgniter.php(928): App\Controllers\Admin->update('6')
#3 C:\Users\Bon cabe\Documents\pesanan\nando\nando-app\vendor\codeigniter4\framework\system\CodeIgniter.php(436): CodeIgniter\CodeIgniter->runController(Object(App\Controllers\Admin))
#4 C:\Users\Bon cabe\Documents\pesanan\nando\nando-app\vendor\codeigniter4\framework\system\CodeIgniter.php(336): CodeIgniter\CodeIgniter->handleRequest(NULL, Object(Config\Cache), false)
#5 C:\Users\Bon cabe\Documents\pesanan\nando\nando-app\public\index.php(37): CodeIgniter\CodeIgniter->run()
#6 C:\Users\Bon cabe\Documents\pesanan\nando\nando-app\vendor\codeigniter4\framework\system\Commands\Server\rewrite.php(45): require_once('C:\\Users\\Bon ca...')
#7 {main}
CRITICAL - 2021-06-18 04:53:30 --> unlink() expects parameter 2 to be resource, string given
#0 [internal function]: CodeIgniter\Debug\Exceptions->errorHandler(2, 'unlink() expect...', 'C:\\Users\\Bon ca...', 58, Array)
#1 C:\Users\Bon cabe\Documents\pesanan\nando\nando-app\app\Controllers\Admin.php(58): unlink('/assets/img/adm...', '1623917300_3ed6...')
#2 C:\Users\Bon cabe\Documents\pesanan\nando\nando-app\vendor\codeigniter4\framework\system\CodeIgniter.php(928): App\Controllers\Admin->update('5')
#3 C:\Users\Bon cabe\Documents\pesanan\nando\nando-app\vendor\codeigniter4\framework\system\CodeIgniter.php(436): CodeIgniter\CodeIgniter->runController(Object(App\Controllers\Admin))
#4 C:\Users\Bon cabe\Documents\pesanan\nando\nando-app\vendor\codeigniter4\framework\system\CodeIgniter.php(336): CodeIgniter\CodeIgniter->handleRequest(NULL, Object(Config\Cache), false)
#5 C:\Users\Bon cabe\Documents\pesanan\nando\nando-app\public\index.php(37): CodeIgniter\CodeIgniter->run()
#6 C:\Users\Bon cabe\Documents\pesanan\nando\nando-app\vendor\codeigniter4\framework\system\Commands\Server\rewrite.php(45): require_once('C:\\Users\\Bon ca...')
#7 {main}
CRITICAL - 2021-06-18 04:57:59 --> The original file is not a valid file.
#0 C:\Users\Bon cabe\Documents\pesanan\nando\nando-app\vendor\codeigniter4\framework\system\HTTP\Files\UploadedFile.php(143): CodeIgniter\HTTP\Exceptions\HTTPException::forInvalidFile()
#1 C:\Users\Bon cabe\Documents\pesanan\nando\nando-app\app\Controllers\Admin.php(61): CodeIgniter\HTTP\Files\UploadedFile->move('assets/img/admi...', '1624010278_5e7a...')
#2 C:\Users\Bon cabe\Documents\pesanan\nando\nando-app\vendor\codeigniter4\framework\system\CodeIgniter.php(928): App\Controllers\Admin->update('7')
#3 C:\Users\Bon cabe\Documents\pesanan\nando\nando-app\vendor\codeigniter4\framework\system\CodeIgniter.php(436): CodeIgniter\CodeIgniter->runController(Object(App\Controllers\Admin))
#4 C:\Users\Bon cabe\Documents\pesanan\nando\nando-app\vendor\codeigniter4\framework\system\CodeIgniter.php(336): CodeIgniter\CodeIgniter->handleRequest(NULL, Object(Config\Cache), false)
#5 C:\Users\Bon cabe\Documents\pesanan\nando\nando-app\public\index.php(37): CodeIgniter\CodeIgniter->run()
#6 C:\Users\Bon cabe\Documents\pesanan\nando\nando-app\vendor\codeigniter4\framework\system\Commands\Server\rewrite.php(45): require_once('C:\\Users\\Bon ca...')
#7 {main}
CRITICAL - 2021-06-18 05:01:15 --> The original file is not a valid file.
#0 C:\Users\Bon cabe\Documents\pesanan\nando\nando-app\vendor\codeigniter4\framework\system\HTTP\Files\UploadedFile.php(143): CodeIgniter\HTTP\Exceptions\HTTPException::forInvalidFile()
#1 C:\Users\Bon cabe\Documents\pesanan\nando\nando-app\app\Controllers\Admin.php(60): CodeIgniter\HTTP\Files\UploadedFile->move('assets/img/admi...', '1624010475_0c21...')
#2 C:\Users\Bon cabe\Documents\pesanan\nando\nando-app\vendor\codeigniter4\framework\system\CodeIgniter.php(928): App\Controllers\Admin->update('8')
#3 C:\Users\Bon cabe\Documents\pesanan\nando\nando-app\vendor\codeigniter4\framework\system\CodeIgniter.php(436): CodeIgniter\CodeIgniter->runController(Object(App\Controllers\Admin))
#4 C:\Users\Bon cabe\Documents\pesanan\nando\nando-app\vendor\codeigniter4\framework\system\CodeIgniter.php(336): CodeIgniter\CodeIgniter->handleRequest(NULL, Object(Config\Cache), false)
#5 C:\Users\Bon cabe\Documents\pesanan\nando\nando-app\public\index.php(37): CodeIgniter\CodeIgniter->run()
#6 C:\Users\Bon cabe\Documents\pesanan\nando\nando-app\vendor\codeigniter4\framework\system\Commands\Server\rewrite.php(45): require_once('C:\\Users\\Bon ca...')
#7 {main}
CRITICAL - 2021-06-18 05:09:14 --> Undefined index: image_adm
#0 C:\Users\Bon cabe\Documents\pesanan\nando\nando-app\app\Controllers\Admin.php(75): CodeIgniter\Debug\Exceptions->errorHandler(8, 'Undefined index...', 'C:\\Users\\Bon ca...', 75, Array)
#1 C:\Users\Bon cabe\Documents\pesanan\nando\nando-app\vendor\codeigniter4\framework\system\CodeIgniter.php(928): App\Controllers\Admin->destroy('9')
#2 C:\Users\Bon cabe\Documents\pesanan\nando\nando-app\vendor\codeigniter4\framework\system\CodeIgniter.php(436): CodeIgniter\CodeIgniter->runController(Object(App\Controllers\Admin))
#3 C:\Users\Bon cabe\Documents\pesanan\nando\nando-app\vendor\codeigniter4\framework\system\CodeIgniter.php(336): CodeIgniter\CodeIgniter->handleRequest(NULL, Object(Config\Cache), false)
#4 C:\Users\Bon cabe\Documents\pesanan\nando\nando-app\public\index.php(37): CodeIgniter\CodeIgniter->run()
#5 C:\Users\Bon cabe\Documents\pesanan\nando\nando-app\vendor\codeigniter4\framework\system\Commands\Server\rewrite.php(45): require_once('C:\\Users\\Bon ca...')
#6 {main}
CRITICAL - 2021-06-18 05:11:04 --> Undefined index: imd_adm
#0 C:\Users\Bon cabe\Documents\pesanan\nando\nando-app\app\Controllers\Admin.php(75): CodeIgniter\Debug\Exceptions->errorHandler(8, 'Undefined index...', 'C:\\Users\\Bon ca...', 75, Array)
#1 C:\Users\Bon cabe\Documents\pesanan\nando\nando-app\vendor\codeigniter4\framework\system\CodeIgniter.php(928): App\Controllers\Admin->destroy('9')
#2 C:\Users\Bon cabe\Documents\pesanan\nando\nando-app\vendor\codeigniter4\framework\system\CodeIgniter.php(436): CodeIgniter\CodeIgniter->runController(Object(App\Controllers\Admin))
#3 C:\Users\Bon cabe\Documents\pesanan\nando\nando-app\vendor\codeigniter4\framework\system\CodeIgniter.php(336): CodeIgniter\CodeIgniter->handleRequest(NULL, Object(Config\Cache), false)
#4 C:\Users\Bon cabe\Documents\pesanan\nando\nando-app\public\index.php(37): CodeIgniter\CodeIgniter->run()
#5 C:\Users\Bon cabe\Documents\pesanan\nando\nando-app\vendor\codeigniter4\framework\system\Commands\Server\rewrite.php(45): require_once('C:\\Users\\Bon ca...')
#6 {main}
CRITICAL - 2021-06-18 05:14:14 -->  route cannot be found while reverse-routing.
#0 C:\Users\Bon cabe\Documents\pesanan\nando\nando-app\vendor\codeigniter4\framework\system\HTTP\RedirectResponse.php(64): CodeIgniter\HTTP\Exceptions\HTTPException::forInvalidRedirectRoute('')
#1 C:\Users\Bon cabe\Documents\pesanan\nando\nando-app\app\Controllers\Admin.php(40): CodeIgniter\HTTP\RedirectResponse->route(false)
#2 C:\Users\Bon cabe\Documents\pesanan\nando\nando-app\vendor\codeigniter4\framework\system\CodeIgniter.php(928): App\Controllers\Admin->store()
#3 C:\Users\Bon cabe\Documents\pesanan\nando\nando-app\vendor\codeigniter4\framework\system\CodeIgniter.php(436): CodeIgniter\CodeIgniter->runController(Object(App\Controllers\Admin))
#4 C:\Users\Bon cabe\Documents\pesanan\nando\nando-app\vendor\codeigniter4\framework\system\CodeIgniter.php(336): CodeIgniter\CodeIgniter->handleRequest(NULL, Object(Config\Cache), false)
#5 C:\Users\Bon cabe\Documents\pesanan\nando\nando-app\public\index.php(37): CodeIgniter\CodeIgniter->run()
#6 C:\Users\Bon cabe\Documents\pesanan\nando\nando-app\vendor\codeigniter4\framework\system\Commands\Server\rewrite.php(45): require_once('C:\\Users\\Bon ca...')
#7 {main}
CRITICAL - 2021-06-18 05:14:36 --> Trying to access array offset on value of type null
#0 C:\Users\Bon cabe\Documents\pesanan\nando\nando-app\app\Controllers\Admin.php(75): CodeIgniter\Debug\Exceptions->errorHandler(8, 'Trying to acces...', 'C:\\Users\\Bon ca...', 75, Array)
#1 C:\Users\Bon cabe\Documents\pesanan\nando\nando-app\vendor\codeigniter4\framework\system\CodeIgniter.php(928): App\Controllers\Admin->destroy('10')
#2 C:\Users\Bon cabe\Documents\pesanan\nando\nando-app\vendor\codeigniter4\framework\system\CodeIgniter.php(436): CodeIgniter\CodeIgniter->runController(Object(App\Controllers\Admin))
#3 C:\Users\Bon cabe\Documents\pesanan\nando\nando-app\vendor\codeigniter4\framework\system\CodeIgniter.php(336): CodeIgniter\CodeIgniter->handleRequest(NULL, Object(Config\Cache), false)
#4 C:\Users\Bon cabe\Documents\pesanan\nando\nando-app\public\index.php(37): CodeIgniter\CodeIgniter->run()
#5 C:\Users\Bon cabe\Documents\pesanan\nando\nando-app\vendor\codeigniter4\framework\system\Commands\Server\rewrite.php(45): require_once('C:\\Users\\Bon ca...')
#6 {main}
CRITICAL - 2021-06-18 05:14:54 -->  route cannot be found while reverse-routing.
#0 C:\Users\Bon cabe\Documents\pesanan\nando\nando-app\vendor\codeigniter4\framework\system\HTTP\RedirectResponse.php(64): CodeIgniter\HTTP\Exceptions\HTTPException::forInvalidRedirectRoute('')
#1 C:\Users\Bon cabe\Documents\pesanan\nando\nando-app\vendor\codeigniter4\framework\system\Common.php(972): CodeIgniter\HTTP\RedirectResponse->route(false)
#2 C:\Users\Bon cabe\Documents\pesanan\nando\nando-app\app\Controllers\Admin.php(40): redirect('/admin')
#3 C:\Users\Bon cabe\Documents\pesanan\nando\nando-app\vendor\codeigniter4\framework\system\CodeIgniter.php(928): App\Controllers\Admin->store()
#4 C:\Users\Bon cabe\Documents\pesanan\nando\nando-app\vendor\codeigniter4\framework\system\CodeIgniter.php(436): CodeIgniter\CodeIgniter->runController(Object(App\Controllers\Admin))
#5 C:\Users\Bon cabe\Documents\pesanan\nando\nando-app\vendor\codeigniter4\framework\system\CodeIgniter.php(336): CodeIgniter\CodeIgniter->handleRequest(NULL, Object(Config\Cache), false)
#6 C:\Users\Bon cabe\Documents\pesanan\nando\nando-app\public\index.php(37): CodeIgniter\CodeIgniter->run()
#7 C:\Users\Bon cabe\Documents\pesanan\nando\nando-app\vendor\codeigniter4\framework\system\Commands\Server\rewrite.php(45): require_once('C:\\Users\\Bon ca...')
#8 {main}
CRITICAL - 2021-06-18 05:15:01 --> Trying to access array offset on value of type null
#0 C:\Users\Bon cabe\Documents\pesanan\nando\nando-app\app\Controllers\Admin.php(75): CodeIgniter\Debug\Exceptions->errorHandler(8, 'Trying to acces...', 'C:\\Users\\Bon ca...', 75, Array)
#1 C:\Users\Bon cabe\Documents\pesanan\nando\nando-app\vendor\codeigniter4\framework\system\CodeIgniter.php(928): App\Controllers\Admin->destroy('10')
#2 C:\Users\Bon cabe\Documents\pesanan\nando\nando-app\vendor\codeigniter4\framework\system\CodeIgniter.php(436): CodeIgniter\CodeIgniter->runController(Object(App\Controllers\Admin))
#3 C:\Users\Bon cabe\Documents\pesanan\nando\nando-app\vendor\codeigniter4\framework\system\CodeIgniter.php(336): CodeIgniter\CodeIgniter->handleRequest(NULL, Object(Config\Cache), false)
#4 C:\Users\Bon cabe\Documents\pesanan\nando\nando-app\public\index.php(37): CodeIgniter\CodeIgniter->run()
#5 C:\Users\Bon cabe\Documents\pesanan\nando\nando-app\vendor\codeigniter4\framework\system\Commands\Server\rewrite.php(45): require_once('C:\\Users\\Bon ca...')
#6 {main}
