CRITICAL - 2021-07-14 02:07:07 --> Undefined index: tahun
#0 C:\Users\Bon cabe\Documents\pesanan\nando\nando-app\app\Controllers\Laporan.php(63): CodeIgniter\Debug\Exceptions->errorHandler(8, 'Undefined index...', 'C:\\Users\\Bon ca...', 63, Array)
#1 C:\Users\Bon cabe\Documents\pesanan\nando\nando-app\vendor\codeigniter4\framework\system\CodeIgniter.php(928): App\Controllers\Laporan->keuangan()
#2 C:\Users\Bon cabe\Documents\pesanan\nando\nando-app\vendor\codeigniter4\framework\system\CodeIgniter.php(436): CodeIgniter\CodeIgniter->runController(Object(App\Controllers\Laporan))
#3 C:\Users\Bon cabe\Documents\pesanan\nando\nando-app\vendor\codeigniter4\framework\system\CodeIgniter.php(336): CodeIgniter\CodeIgniter->handleRequest(NULL, Object(Config\Cache), false)
#4 C:\Users\Bon cabe\Documents\pesanan\nando\nando-app\public\index.php(37): CodeIgniter\CodeIgniter->run()
#5 C:\Users\Bon cabe\Documents\pesanan\nando\nando-app\vendor\codeigniter4\framework\system\Commands\Server\rewrite.php(45): require_once('C:\\Users\\Bon ca...')
#6 {main}
CRITICAL - 2021-07-14 04:52:09 --> A non well formed numeric value encountered
#0 [internal function]: CodeIgniter\Debug\Exceptions->errorHandler(8, 'A non well form...', 'C:\\Users\\Bon ca...', 240, Array)
#1 C:\Users\Bon cabe\Documents\pesanan\nando\nando-app\app\Models\Payment.php(240): date('Y', '2021-07')
#2 C:\Users\Bon cabe\Documents\pesanan\nando\nando-app\app\Controllers\Laporan.php(76): App\Models\Payment->pendapatanKos(Array)
#3 C:\Users\Bon cabe\Documents\pesanan\nando\nando-app\vendor\codeigniter4\framework\system\CodeIgniter.php(928): App\Controllers\Laporan->keuanganBulanan()
#4 C:\Users\Bon cabe\Documents\pesanan\nando\nando-app\vendor\codeigniter4\framework\system\CodeIgniter.php(436): CodeIgniter\CodeIgniter->runController(Object(App\Controllers\Laporan))
#5 C:\Users\Bon cabe\Documents\pesanan\nando\nando-app\vendor\codeigniter4\framework\system\CodeIgniter.php(336): CodeIgniter\CodeIgniter->handleRequest(NULL, Object(Config\Cache), false)
#6 C:\Users\Bon cabe\Documents\pesanan\nando\nando-app\public\index.php(37): CodeIgniter\CodeIgniter->run()
#7 C:\Users\Bon cabe\Documents\pesanan\nando\nando-app\vendor\codeigniter4\framework\system\Commands\Server\rewrite.php(45): require_once('C:\\Users\\Bon ca...')
#8 {main}
CRITICAL - 2021-07-14 04:53:06 --> A non well formed numeric value encountered
#0 [internal function]: CodeIgniter\Debug\Exceptions->errorHandler(8, 'A non well form...', 'C:\\Users\\Bon ca...', 240, Array)
#1 C:\Users\Bon cabe\Documents\pesanan\nando\nando-app\app\Models\Payment.php(240): date('Y', '2021-07')
#2 C:\Users\Bon cabe\Documents\pesanan\nando\nando-app\app\Controllers\Laporan.php(76): App\Models\Payment->pendapatanKos(Array)
#3 C:\Users\Bon cabe\Documents\pesanan\nando\nando-app\vendor\codeigniter4\framework\system\CodeIgniter.php(928): App\Controllers\Laporan->keuanganBulanan()
#4 C:\Users\Bon cabe\Documents\pesanan\nando\nando-app\vendor\codeigniter4\framework\system\CodeIgniter.php(436): CodeIgniter\CodeIgniter->runController(Object(App\Controllers\Laporan))
#5 C:\Users\Bon cabe\Documents\pesanan\nando\nando-app\vendor\codeigniter4\framework\system\CodeIgniter.php(336): CodeIgniter\CodeIgniter->handleRequest(NULL, Object(Config\Cache), false)
#6 C:\Users\Bon cabe\Documents\pesanan\nando\nando-app\public\index.php(37): CodeIgniter\CodeIgniter->run()
#7 C:\Users\Bon cabe\Documents\pesanan\nando\nando-app\vendor\codeigniter4\framework\system\Commands\Server\rewrite.php(45): require_once('C:\\Users\\Bon ca...')
#8 {main}
CRITICAL - 2021-07-14 04:53:24 --> A non well formed numeric value encountered
#0 [internal function]: CodeIgniter\Debug\Exceptions->errorHandler(8, 'A non well form...', 'C:\\Users\\Bon ca...', 72, Array)
#1 C:\Users\Bon cabe\Documents\pesanan\nando\nando-app\app\Controllers\Laporan.php(72): date('Y', '2021-07')
#2 C:\Users\Bon cabe\Documents\pesanan\nando\nando-app\vendor\codeigniter4\framework\system\CodeIgniter.php(928): App\Controllers\Laporan->keuanganBulanan()
#3 C:\Users\Bon cabe\Documents\pesanan\nando\nando-app\vendor\codeigniter4\framework\system\CodeIgniter.php(436): CodeIgniter\CodeIgniter->runController(Object(App\Controllers\Laporan))
#4 C:\Users\Bon cabe\Documents\pesanan\nando\nando-app\vendor\codeigniter4\framework\system\CodeIgniter.php(336): CodeIgniter\CodeIgniter->handleRequest(NULL, Object(Config\Cache), false)
#5 C:\Users\Bon cabe\Documents\pesanan\nando\nando-app\public\index.php(37): CodeIgniter\CodeIgniter->run()
#6 C:\Users\Bon cabe\Documents\pesanan\nando\nando-app\vendor\codeigniter4\framework\system\Commands\Server\rewrite.php(45): require_once('C:\\Users\\Bon ca...')
#7 {main}
CRITICAL - 2021-07-14 05:04:29 --> number_format() expects parameter 1 to be float, array given
#0 [internal function]: CodeIgniter\Debug\Exceptions->errorHandler(2, 'number_format()...', 'C:\\Users\\Bon ca...', 73, Array)
#1 C:\Users\Bon cabe\Documents\pesanan\nando\nando-app\app\Views\pages\laporan\keuangan_bulanan.php(73): number_format(Array)
#2 C:\Users\Bon cabe\Documents\pesanan\nando\nando-app\vendor\codeigniter4\framework\system\View\View.php(230): include('C:\\Users\\Bon ca...')
#3 C:\Users\Bon cabe\Documents\pesanan\nando\nando-app\vendor\codeigniter4\framework\system\View\View.php(232): CodeIgniter\View\View->CodeIgniter\View\{closure}()
#4 C:\Users\Bon cabe\Documents\pesanan\nando\nando-app\vendor\codeigniter4\framework\system\Common.php(1271): CodeIgniter\View\View->render('pages/laporan/k...', Array, true)
#5 C:\Users\Bon cabe\Documents\pesanan\nando\nando-app\app\Controllers\Laporan.php(83): view('pages/laporan/k...', Array)
#6 C:\Users\Bon cabe\Documents\pesanan\nando\nando-app\vendor\codeigniter4\framework\system\CodeIgniter.php(928): App\Controllers\Laporan->keuanganBulanan()
#7 C:\Users\Bon cabe\Documents\pesanan\nando\nando-app\vendor\codeigniter4\framework\system\CodeIgniter.php(436): CodeIgniter\CodeIgniter->runController(Object(App\Controllers\Laporan))
#8 C:\Users\Bon cabe\Documents\pesanan\nando\nando-app\vendor\codeigniter4\framework\system\CodeIgniter.php(336): CodeIgniter\CodeIgniter->handleRequest(NULL, Object(Config\Cache), false)
#9 C:\Users\Bon cabe\Documents\pesanan\nando\nando-app\public\index.php(37): CodeIgniter\CodeIgniter->run()
#10 C:\Users\Bon cabe\Documents\pesanan\nando\nando-app\vendor\codeigniter4\framework\system\Commands\Server\rewrite.php(45): require_once('C:\\Users\\Bon ca...')
#11 {main}
CRITICAL - 2021-07-14 05:05:06 --> Undefined index: nominals
#0 C:\Users\Bon cabe\Documents\pesanan\nando\nando-app\app\Views\pages\laporan\keuangan_bulanan.php(73): CodeIgniter\Debug\Exceptions->errorHandler(8, 'Undefined index...', 'C:\\Users\\Bon ca...', 73, Array)
#1 C:\Users\Bon cabe\Documents\pesanan\nando\nando-app\vendor\codeigniter4\framework\system\View\View.php(230): include('C:\\Users\\Bon ca...')
#2 C:\Users\Bon cabe\Documents\pesanan\nando\nando-app\vendor\codeigniter4\framework\system\View\View.php(232): CodeIgniter\View\View->CodeIgniter\View\{closure}()
#3 C:\Users\Bon cabe\Documents\pesanan\nando\nando-app\vendor\codeigniter4\framework\system\Common.php(1271): CodeIgniter\View\View->render('pages/laporan/k...', Array, true)
#4 C:\Users\Bon cabe\Documents\pesanan\nando\nando-app\app\Controllers\Laporan.php(83): view('pages/laporan/k...', Array)
#5 C:\Users\Bon cabe\Documents\pesanan\nando\nando-app\vendor\codeigniter4\framework\system\CodeIgniter.php(928): App\Controllers\Laporan->keuanganBulanan()
#6 C:\Users\Bon cabe\Documents\pesanan\nando\nando-app\vendor\codeigniter4\framework\system\CodeIgniter.php(436): CodeIgniter\CodeIgniter->runController(Object(App\Controllers\Laporan))
#7 C:\Users\Bon cabe\Documents\pesanan\nando\nando-app\vendor\codeigniter4\framework\system\CodeIgniter.php(336): CodeIgniter\CodeIgniter->handleRequest(NULL, Object(Config\Cache), false)
#8 C:\Users\Bon cabe\Documents\pesanan\nando\nando-app\public\index.php(37): CodeIgniter\CodeIgniter->run()
#9 C:\Users\Bon cabe\Documents\pesanan\nando\nando-app\vendor\codeigniter4\framework\system\Commands\Server\rewrite.php(45): require_once('C:\\Users\\Bon ca...')
#10 {main}
CRITICAL - 2021-07-14 05:38:32 --> Undefined index: pendapatanKos
#0 C:\Users\Bon cabe\Documents\pesanan\nando\nando-app\app\Views\pages\laporan\keuangan_tahunan.php(61): CodeIgniter\Debug\Exceptions->errorHandler(8, 'Undefined index...', 'C:\\Users\\Bon ca...', 61, Array)
#1 C:\Users\Bon cabe\Documents\pesanan\nando\nando-app\vendor\codeigniter4\framework\system\View\View.php(230): include('C:\\Users\\Bon ca...')
#2 C:\Users\Bon cabe\Documents\pesanan\nando\nando-app\vendor\codeigniter4\framework\system\View\View.php(232): CodeIgniter\View\View->CodeIgniter\View\{closure}()
#3 C:\Users\Bon cabe\Documents\pesanan\nando\nando-app\vendor\codeigniter4\framework\system\Common.php(1271): CodeIgniter\View\View->render('pages/laporan/k...', Array, true)
#4 C:\Users\Bon cabe\Documents\pesanan\nando\nando-app\app\Controllers\Laporan.php(70): view('pages/laporan/k...', Array)
#5 C:\Users\Bon cabe\Documents\pesanan\nando\nando-app\vendor\codeigniter4\framework\system\CodeIgniter.php(928): App\Controllers\Laporan->keuanganTahunan()
#6 C:\Users\Bon cabe\Documents\pesanan\nando\nando-app\vendor\codeigniter4\framework\system\CodeIgniter.php(436): CodeIgniter\CodeIgniter->runController(Object(App\Controllers\Laporan))
#7 C:\Users\Bon cabe\Documents\pesanan\nando\nando-app\vendor\codeigniter4\framework\system\CodeIgniter.php(336): CodeIgniter\CodeIgniter->handleRequest(NULL, Object(Config\Cache), false)
#8 C:\Users\Bon cabe\Documents\pesanan\nando\nando-app\public\index.php(37): CodeIgniter\CodeIgniter->run()
#9 C:\Users\Bon cabe\Documents\pesanan\nando\nando-app\vendor\codeigniter4\framework\system\Commands\Server\rewrite.php(45): require_once('C:\\Users\\Bon ca...')
#10 {main}
CRITICAL - 2021-07-14 05:39:21 --> Undefined index: tgl_bayar
#0 C:\Users\Bon cabe\Documents\pesanan\nando\nando-app\app\Views\pages\laporan\keuangan_tahunan.php(61): CodeIgniter\Debug\Exceptions->errorHandler(8, 'Undefined index...', 'C:\\Users\\Bon ca...', 61, Array)
#1 C:\Users\Bon cabe\Documents\pesanan\nando\nando-app\vendor\codeigniter4\framework\system\View\View.php(230): include('C:\\Users\\Bon ca...')
#2 C:\Users\Bon cabe\Documents\pesanan\nando\nando-app\vendor\codeigniter4\framework\system\View\View.php(232): CodeIgniter\View\View->CodeIgniter\View\{closure}()
#3 C:\Users\Bon cabe\Documents\pesanan\nando\nando-app\vendor\codeigniter4\framework\system\Common.php(1271): CodeIgniter\View\View->render('pages/laporan/k...', Array, true)
#4 C:\Users\Bon cabe\Documents\pesanan\nando\nando-app\app\Controllers\Laporan.php(70): view('pages/laporan/k...', Array)
#5 C:\Users\Bon cabe\Documents\pesanan\nando\nando-app\vendor\codeigniter4\framework\system\CodeIgniter.php(928): App\Controllers\Laporan->keuanganTahunan()
#6 C:\Users\Bon cabe\Documents\pesanan\nando\nando-app\vendor\codeigniter4\framework\system\CodeIgniter.php(436): CodeIgniter\CodeIgniter->runController(Object(App\Controllers\Laporan))
#7 C:\Users\Bon cabe\Documents\pesanan\nando\nando-app\vendor\codeigniter4\framework\system\CodeIgniter.php(336): CodeIgniter\CodeIgniter->handleRequest(NULL, Object(Config\Cache), false)
#8 C:\Users\Bon cabe\Documents\pesanan\nando\nando-app\public\index.php(37): CodeIgniter\CodeIgniter->run()
#9 C:\Users\Bon cabe\Documents\pesanan\nando\nando-app\vendor\codeigniter4\framework\system\Commands\Server\rewrite.php(45): require_once('C:\\Users\\Bon ca...')
#10 {main}
CRITICAL - 2021-07-14 05:40:31 --> Undefined variable: pendapatanKos
#0 C:\Users\Bon cabe\Documents\pesanan\nando\nando-app\app\Views\pages\laporan\keuangan_tahunan.php(58): CodeIgniter\Debug\Exceptions->errorHandler(8, 'Undefined varia...', 'C:\\Users\\Bon ca...', 58, Array)
#1 C:\Users\Bon cabe\Documents\pesanan\nando\nando-app\vendor\codeigniter4\framework\system\View\View.php(230): include('C:\\Users\\Bon ca...')
#2 C:\Users\Bon cabe\Documents\pesanan\nando\nando-app\vendor\codeigniter4\framework\system\View\View.php(232): CodeIgniter\View\View->CodeIgniter\View\{closure}()
#3 C:\Users\Bon cabe\Documents\pesanan\nando\nando-app\vendor\codeigniter4\framework\system\Common.php(1271): CodeIgniter\View\View->render('pages/laporan/k...', Array, true)
#4 C:\Users\Bon cabe\Documents\pesanan\nando\nando-app\app\Controllers\Laporan.php(70): view('pages/laporan/k...', Array)
#5 C:\Users\Bon cabe\Documents\pesanan\nando\nando-app\vendor\codeigniter4\framework\system\CodeIgniter.php(928): App\Controllers\Laporan->keuanganTahunan()
#6 C:\Users\Bon cabe\Documents\pesanan\nando\nando-app\vendor\codeigniter4\framework\system\CodeIgniter.php(436): CodeIgniter\CodeIgniter->runController(Object(App\Controllers\Laporan))
#7 C:\Users\Bon cabe\Documents\pesanan\nando\nando-app\vendor\codeigniter4\framework\system\CodeIgniter.php(336): CodeIgniter\CodeIgniter->handleRequest(NULL, Object(Config\Cache), false)
#8 C:\Users\Bon cabe\Documents\pesanan\nando\nando-app\public\index.php(37): CodeIgniter\CodeIgniter->run()
#9 C:\Users\Bon cabe\Documents\pesanan\nando\nando-app\vendor\codeigniter4\framework\system\Commands\Server\rewrite.php(45): require_once('C:\\Users\\Bon ca...')
#10 {main}
CRITICAL - 2021-07-14 05:41:33 --> Undefined index: pendapatanKos
#0 C:\Users\Bon cabe\Documents\pesanan\nando\nando-app\app\Views\pages\laporan\keuangan_tahunan.php(58): CodeIgniter\Debug\Exceptions->errorHandler(8, 'Undefined index...', 'C:\\Users\\Bon ca...', 58, Array)
#1 C:\Users\Bon cabe\Documents\pesanan\nando\nando-app\vendor\codeigniter4\framework\system\View\View.php(230): include('C:\\Users\\Bon ca...')
#2 C:\Users\Bon cabe\Documents\pesanan\nando\nando-app\vendor\codeigniter4\framework\system\View\View.php(232): CodeIgniter\View\View->CodeIgniter\View\{closure}()
#3 C:\Users\Bon cabe\Documents\pesanan\nando\nando-app\vendor\codeigniter4\framework\system\Common.php(1271): CodeIgniter\View\View->render('pages/laporan/k...', Array, true)
#4 C:\Users\Bon cabe\Documents\pesanan\nando\nando-app\app\Controllers\Laporan.php(70): view('pages/laporan/k...', Array)
#5 C:\Users\Bon cabe\Documents\pesanan\nando\nando-app\vendor\codeigniter4\framework\system\CodeIgniter.php(928): App\Controllers\Laporan->keuanganTahunan()
#6 C:\Users\Bon cabe\Documents\pesanan\nando\nando-app\vendor\codeigniter4\framework\system\CodeIgniter.php(436): CodeIgniter\CodeIgniter->runController(Object(App\Controllers\Laporan))
#7 C:\Users\Bon cabe\Documents\pesanan\nando\nando-app\vendor\codeigniter4\framework\system\CodeIgniter.php(336): CodeIgniter\CodeIgniter->handleRequest(NULL, Object(Config\Cache), false)
#8 C:\Users\Bon cabe\Documents\pesanan\nando\nando-app\public\index.php(37): CodeIgniter\CodeIgniter->run()
#9 C:\Users\Bon cabe\Documents\pesanan\nando\nando-app\vendor\codeigniter4\framework\system\Commands\Server\rewrite.php(45): require_once('C:\\Users\\Bon ca...')
#10 {main}
ERROR - 2021-07-14 05:48:55 --> You have an error in your SQL syntax; check the manual that corresponds to your MariaDB server version for the right syntax to use near '*
FROM `payments`
WHERE YEAR(tgl_bayar) = '2021'
AND `status` = 'success'
GRO...' at line 1
CRITICAL - 2021-07-14 05:48:55 --> You have an error in your SQL syntax; check the manual that corresponds to your MariaDB server version for the right syntax to use near '*
FROM `payments`
WHERE YEAR(tgl_bayar) = '2021'
AND `status` = 'success'
GRO...' at line 1
#0 C:\Users\Bon cabe\Documents\pesanan\nando\nando-app\vendor\codeigniter4\framework\system\Database\MySQLi\Connection.php(329): mysqli->query('SELECT SUM(`nom...')
#1 C:\Users\Bon cabe\Documents\pesanan\nando\nando-app\vendor\codeigniter4\framework\system\Database\BaseConnection.php(732): CodeIgniter\Database\MySQLi\Connection->execute('SELECT SUM(`nom...')
#2 C:\Users\Bon cabe\Documents\pesanan\nando\nando-app\vendor\codeigniter4\framework\system\Database\BaseConnection.php(647): CodeIgniter\Database\BaseConnection->simpleQuery('SELECT SUM(`nom...')
#3 C:\Users\Bon cabe\Documents\pesanan\nando\nando-app\vendor\codeigniter4\framework\system\Database\BaseBuilder.php(1881): CodeIgniter\Database\BaseConnection->query('SELECT SUM(`nom...', Array, false)
#4 C:\Users\Bon cabe\Documents\pesanan\nando\nando-app\app\Models\Payment.php(252): CodeIgniter\Database\BaseBuilder->get()
#5 C:\Users\Bon cabe\Documents\pesanan\nando\nando-app\app\Controllers\Laporan.php(64): App\Models\Payment->pendapatanKosTahunan(Array)
#6 C:\Users\Bon cabe\Documents\pesanan\nando\nando-app\vendor\codeigniter4\framework\system\CodeIgniter.php(928): App\Controllers\Laporan->keuanganTahunan()
#7 C:\Users\Bon cabe\Documents\pesanan\nando\nando-app\vendor\codeigniter4\framework\system\CodeIgniter.php(436): CodeIgniter\CodeIgniter->runController(Object(App\Controllers\Laporan))
#8 C:\Users\Bon cabe\Documents\pesanan\nando\nando-app\vendor\codeigniter4\framework\system\CodeIgniter.php(336): CodeIgniter\CodeIgniter->handleRequest(NULL, Object(Config\Cache), false)
#9 C:\Users\Bon cabe\Documents\pesanan\nando\nando-app\public\index.php(37): CodeIgniter\CodeIgniter->run()
#10 C:\Users\Bon cabe\Documents\pesanan\nando\nando-app\vendor\codeigniter4\framework\system\Commands\Server\rewrite.php(45): require_once('C:\\Users\\Bon ca...')
#11 {main}
CRITICAL - 2021-07-14 05:51:32 --> Undefined index: tgl_bayar
#0 C:\Users\Bon cabe\Documents\pesanan\nando\nando-app\app\Views\pages\laporan\keuangan_tahunan.php(72): CodeIgniter\Debug\Exceptions->errorHandler(8, 'Undefined index...', 'C:\\Users\\Bon ca...', 72, Array)
#1 C:\Users\Bon cabe\Documents\pesanan\nando\nando-app\vendor\codeigniter4\framework\system\View\View.php(230): include('C:\\Users\\Bon ca...')
#2 C:\Users\Bon cabe\Documents\pesanan\nando\nando-app\vendor\codeigniter4\framework\system\View\View.php(232): CodeIgniter\View\View->CodeIgniter\View\{closure}()
#3 C:\Users\Bon cabe\Documents\pesanan\nando\nando-app\vendor\codeigniter4\framework\system\Common.php(1271): CodeIgniter\View\View->render('pages/laporan/k...', Array, true)
#4 C:\Users\Bon cabe\Documents\pesanan\nando\nando-app\app\Controllers\Laporan.php(68): view('pages/laporan/k...', Array)
#5 C:\Users\Bon cabe\Documents\pesanan\nando\nando-app\vendor\codeigniter4\framework\system\CodeIgniter.php(928): App\Controllers\Laporan->keuanganTahunan()
#6 C:\Users\Bon cabe\Documents\pesanan\nando\nando-app\vendor\codeigniter4\framework\system\CodeIgniter.php(436): CodeIgniter\CodeIgniter->runController(Object(App\Controllers\Laporan))
#7 C:\Users\Bon cabe\Documents\pesanan\nando\nando-app\vendor\codeigniter4\framework\system\CodeIgniter.php(336): CodeIgniter\CodeIgniter->handleRequest(NULL, Object(Config\Cache), false)
#8 C:\Users\Bon cabe\Documents\pesanan\nando\nando-app\public\index.php(37): CodeIgniter\CodeIgniter->run()
#9 C:\Users\Bon cabe\Documents\pesanan\nando\nando-app\vendor\codeigniter4\framework\system\Commands\Server\rewrite.php(45): require_once('C:\\Users\\Bon ca...')
#10 {main}
ERROR - 2021-07-14 06:41:03 --> Column 'status' in where clause is ambiguous
CRITICAL - 2021-07-14 06:41:03 --> Column 'status' in where clause is ambiguous
#0 C:\Users\Bon cabe\Documents\pesanan\nando\nando-app\vendor\codeigniter4\framework\system\Database\MySQLi\Connection.php(329): mysqli->query('SELECT SUM(`nom...')
#1 C:\Users\Bon cabe\Documents\pesanan\nando\nando-app\vendor\codeigniter4\framework\system\Database\BaseConnection.php(732): CodeIgniter\Database\MySQLi\Connection->execute('SELECT SUM(`nom...')
#2 C:\Users\Bon cabe\Documents\pesanan\nando\nando-app\vendor\codeigniter4\framework\system\Database\BaseConnection.php(647): CodeIgniter\Database\BaseConnection->simpleQuery('SELECT SUM(`nom...')
#3 C:\Users\Bon cabe\Documents\pesanan\nando\nando-app\vendor\codeigniter4\framework\system\Database\BaseBuilder.php(1881): CodeIgniter\Database\BaseConnection->query('SELECT SUM(`nom...', Array, false)
#4 C:\Users\Bon cabe\Documents\pesanan\nando\nando-app\app\Models\Payment.php(254): CodeIgniter\Database\BaseBuilder->get()
#5 C:\Users\Bon cabe\Documents\pesanan\nando\nando-app\app\Controllers\Laporan.php(64): App\Models\Payment->pendapatanKosTahunan(Array)
#6 C:\Users\Bon cabe\Documents\pesanan\nando\nando-app\vendor\codeigniter4\framework\system\CodeIgniter.php(928): App\Controllers\Laporan->keuanganTahunan()
#7 C:\Users\Bon cabe\Documents\pesanan\nando\nando-app\vendor\codeigniter4\framework\system\CodeIgniter.php(436): CodeIgniter\CodeIgniter->runController(Object(App\Controllers\Laporan))
#8 C:\Users\Bon cabe\Documents\pesanan\nando\nando-app\vendor\codeigniter4\framework\system\CodeIgniter.php(336): CodeIgniter\CodeIgniter->handleRequest(NULL, Object(Config\Cache), false)
#9 C:\Users\Bon cabe\Documents\pesanan\nando\nando-app\public\index.php(37): CodeIgniter\CodeIgniter->run()
#10 C:\Users\Bon cabe\Documents\pesanan\nando\nando-app\vendor\codeigniter4\framework\system\Commands\Server\rewrite.php(45): require_once('C:\\Users\\Bon ca...')
#11 {main}
ERROR - 2021-07-14 06:41:29 --> Column 'id_pel' in group statement is ambiguous
CRITICAL - 2021-07-14 06:41:29 --> Column 'id_pel' in group statement is ambiguous
#0 C:\Users\Bon cabe\Documents\pesanan\nando\nando-app\vendor\codeigniter4\framework\system\Database\MySQLi\Connection.php(329): mysqli->query('SELECT SUM(`nom...')
#1 C:\Users\Bon cabe\Documents\pesanan\nando\nando-app\vendor\codeigniter4\framework\system\Database\BaseConnection.php(732): CodeIgniter\Database\MySQLi\Connection->execute('SELECT SUM(`nom...')
#2 C:\Users\Bon cabe\Documents\pesanan\nando\nando-app\vendor\codeigniter4\framework\system\Database\BaseConnection.php(647): CodeIgniter\Database\BaseConnection->simpleQuery('SELECT SUM(`nom...')
#3 C:\Users\Bon cabe\Documents\pesanan\nando\nando-app\vendor\codeigniter4\framework\system\Database\BaseBuilder.php(1881): CodeIgniter\Database\BaseConnection->query('SELECT SUM(`nom...', Array, false)
#4 C:\Users\Bon cabe\Documents\pesanan\nando\nando-app\app\Models\Payment.php(254): CodeIgniter\Database\BaseBuilder->get()
#5 C:\Users\Bon cabe\Documents\pesanan\nando\nando-app\app\Controllers\Laporan.php(64): App\Models\Payment->pendapatanKosTahunan(Array)
#6 C:\Users\Bon cabe\Documents\pesanan\nando\nando-app\vendor\codeigniter4\framework\system\CodeIgniter.php(928): App\Controllers\Laporan->keuanganTahunan()
#7 C:\Users\Bon cabe\Documents\pesanan\nando\nando-app\vendor\codeigniter4\framework\system\CodeIgniter.php(436): CodeIgniter\CodeIgniter->runController(Object(App\Controllers\Laporan))
#8 C:\Users\Bon cabe\Documents\pesanan\nando\nando-app\vendor\codeigniter4\framework\system\CodeIgniter.php(336): CodeIgniter\CodeIgniter->handleRequest(NULL, Object(Config\Cache), false)
#9 C:\Users\Bon cabe\Documents\pesanan\nando\nando-app\public\index.php(37): CodeIgniter\CodeIgniter->run()
#10 C:\Users\Bon cabe\Documents\pesanan\nando\nando-app\vendor\codeigniter4\framework\system\Commands\Server\rewrite.php(45): require_once('C:\\Users\\Bon ca...')
#11 {main}
CRITICAL - 2021-07-14 06:45:53 --> You must provide a valid column name not separated by comma.
#0 C:\Users\Bon cabe\Documents\pesanan\nando\nando-app\vendor\codeigniter4\framework\system\Database\BaseBuilder.php(518): CodeIgniter\Database\Exceptions\DataException::forInvalidArgument('column name not...')
#1 C:\Users\Bon cabe\Documents\pesanan\nando\nando-app\vendor\codeigniter4\framework\system\Database\BaseBuilder.php(471): CodeIgniter\Database\BaseBuilder->maxMinAvgSum('nominal,denda', '', 'SUM')
#2 C:\Users\Bon cabe\Documents\pesanan\nando\nando-app\app\Models\Payment.php(248): CodeIgniter\Database\BaseBuilder->selectSum('nominal,denda')
#3 C:\Users\Bon cabe\Documents\pesanan\nando\nando-app\app\Controllers\Laporan.php(64): App\Models\Payment->pendapatanKosTahunan(Array)
#4 C:\Users\Bon cabe\Documents\pesanan\nando\nando-app\vendor\codeigniter4\framework\system\CodeIgniter.php(928): App\Controllers\Laporan->keuanganTahunan()
#5 C:\Users\Bon cabe\Documents\pesanan\nando\nando-app\vendor\codeigniter4\framework\system\CodeIgniter.php(436): CodeIgniter\CodeIgniter->runController(Object(App\Controllers\Laporan))
#6 C:\Users\Bon cabe\Documents\pesanan\nando\nando-app\vendor\codeigniter4\framework\system\CodeIgniter.php(336): CodeIgniter\CodeIgniter->handleRequest(NULL, Object(Config\Cache), false)
#7 C:\Users\Bon cabe\Documents\pesanan\nando\nando-app\public\index.php(37): CodeIgniter\CodeIgniter->run()
#8 C:\Users\Bon cabe\Documents\pesanan\nando\nando-app\vendor\codeigniter4\framework\system\Commands\Server\rewrite.php(45): require_once('C:\\Users\\Bon ca...')
#9 {main}
CRITICAL - 2021-07-14 21:40:11 --> number_format() expects parameter 1 to be float, string given
#0 [internal function]: CodeIgniter\Debug\Exceptions->errorHandler(2, 'number_format()...', 'C:\\Users\\Bon ca...', 104, Array)
#1 C:\Users\Bon cabe\Documents\pesanan\nando\nando-app\app\Views\pages\laporan\keuangan_tahunan.php(104): number_format('keterangan 1', 0, ',', '.')
#2 C:\Users\Bon cabe\Documents\pesanan\nando\nando-app\vendor\codeigniter4\framework\system\View\View.php(230): include('C:\\Users\\Bon ca...')
#3 C:\Users\Bon cabe\Documents\pesanan\nando\nando-app\vendor\codeigniter4\framework\system\View\View.php(232): CodeIgniter\View\View->CodeIgniter\View\{closure}()
#4 C:\Users\Bon cabe\Documents\pesanan\nando\nando-app\vendor\codeigniter4\framework\system\Common.php(1271): CodeIgniter\View\View->render('pages/laporan/k...', Array, true)
#5 C:\Users\Bon cabe\Documents\pesanan\nando\nando-app\app\Controllers\Laporan.php(70): view('pages/laporan/k...', Array)
#6 C:\Users\Bon cabe\Documents\pesanan\nando\nando-app\vendor\codeigniter4\framework\system\CodeIgniter.php(928): App\Controllers\Laporan->keuanganTahunan()
#7 C:\Users\Bon cabe\Documents\pesanan\nando\nando-app\vendor\codeigniter4\framework\system\CodeIgniter.php(436): CodeIgniter\CodeIgniter->runController(Object(App\Controllers\Laporan))
#8 C:\Users\Bon cabe\Documents\pesanan\nando\nando-app\vendor\codeigniter4\framework\system\CodeIgniter.php(336): CodeIgniter\CodeIgniter->handleRequest(NULL, Object(Config\Cache), false)
#9 C:\Users\Bon cabe\Documents\pesanan\nando\nando-app\public\index.php(37): CodeIgniter\CodeIgniter->run()
#10 C:\Users\Bon cabe\Documents\pesanan\nando\nando-app\vendor\codeigniter4\framework\system\Commands\Server\rewrite.php(45): require_once('C:\\Users\\Bon ca...')
#11 {main}
CRITICAL - 2021-07-14 21:43:46 --> Undefined index: date
#0 C:\Users\Bon cabe\Documents\pesanan\nando\nando-app\app\Models\Kebutuhan.php(93): CodeIgniter\Debug\Exceptions->errorHandler(8, 'Undefined index...', 'C:\\Users\\Bon ca...', 93, Array)
#1 C:\Users\Bon cabe\Documents\pesanan\nando\nando-app\app\Controllers\Laporan.php(68): App\Models\Kebutuhan->laporanTotalKebutuhan(Array)
#2 C:\Users\Bon cabe\Documents\pesanan\nando\nando-app\vendor\codeigniter4\framework\system\CodeIgniter.php(928): App\Controllers\Laporan->keuanganTahunan()
#3 C:\Users\Bon cabe\Documents\pesanan\nando\nando-app\vendor\codeigniter4\framework\system\CodeIgniter.php(436): CodeIgniter\CodeIgniter->runController(Object(App\Controllers\Laporan))
#4 C:\Users\Bon cabe\Documents\pesanan\nando\nando-app\vendor\codeigniter4\framework\system\CodeIgniter.php(336): CodeIgniter\CodeIgniter->handleRequest(NULL, Object(Config\Cache), false)
#5 C:\Users\Bon cabe\Documents\pesanan\nando\nando-app\public\index.php(37): CodeIgniter\CodeIgniter->run()
#6 C:\Users\Bon cabe\Documents\pesanan\nando\nando-app\vendor\codeigniter4\framework\system\Commands\Server\rewrite.php(45): require_once('C:\\Users\\Bon ca...')
#7 {main}
CRITICAL - 2021-07-14 21:47:10 --> Undefined index: date
#0 C:\Users\Bon cabe\Documents\pesanan\nando\nando-app\app\Controllers\Laporan.php(77): CodeIgniter\Debug\Exceptions->errorHandler(8, 'Undefined index...', 'C:\\Users\\Bon ca...', 77, Array)
#1 C:\Users\Bon cabe\Documents\pesanan\nando\nando-app\vendor\codeigniter4\framework\system\CodeIgniter.php(928): App\Controllers\Laporan->keuanganTahunan()
#2 C:\Users\Bon cabe\Documents\pesanan\nando\nando-app\vendor\codeigniter4\framework\system\CodeIgniter.php(436): CodeIgniter\CodeIgniter->runController(Object(App\Controllers\Laporan))
#3 C:\Users\Bon cabe\Documents\pesanan\nando\nando-app\vendor\codeigniter4\framework\system\CodeIgniter.php(336): CodeIgniter\CodeIgniter->handleRequest(NULL, Object(Config\Cache), false)
#4 C:\Users\Bon cabe\Documents\pesanan\nando\nando-app\public\index.php(37): CodeIgniter\CodeIgniter->run()
#5 C:\Users\Bon cabe\Documents\pesanan\nando\nando-app\vendor\codeigniter4\framework\system\Commands\Server\rewrite.php(45): require_once('C:\\Users\\Bon ca...')
#6 {main}
