CRITICAL - 2021-07-19 14:01:19 --> Trying to access array offset on value of type null
#0 C:\Users\Bon cabe\Documents\pesanan\nando\nando-app\app\Controllers\Auth.php(29): CodeIgniter\Debug\Exceptions->errorHandler(8, 'Trying to acces...', 'C:\\Users\\Bon ca...', 29, Array)
#1 C:\Users\Bon cabe\Documents\pesanan\nando\nando-app\vendor\codeigniter4\framework\system\CodeIgniter.php(928): App\Controllers\Auth->login()
#2 C:\Users\Bon cabe\Documents\pesanan\nando\nando-app\vendor\codeigniter4\framework\system\CodeIgniter.php(436): CodeIgniter\CodeIgniter->runController(Object(App\Controllers\Auth))
#3 C:\Users\Bon cabe\Documents\pesanan\nando\nando-app\vendor\codeigniter4\framework\system\CodeIgniter.php(336): CodeIgniter\CodeIgniter->handleRequest(NULL, Object(Config\Cache), false)
#4 C:\Users\Bon cabe\Documents\pesanan\nando\nando-app\public\index.php(37): CodeIgniter\CodeIgniter->run()
#5 C:\Users\Bon cabe\Documents\pesanan\nando\nando-app\vendor\codeigniter4\framework\system\Commands\Server\rewrite.php(45): require_once('C:\\Users\\Bon ca...')
#6 {main}
CRITICAL - 2021-07-19 15:38:58 --> Array to string conversion
#0 C:\Users\Bon cabe\Documents\pesanan\nando\nando-app\app\Models\Laporan.php(51): CodeIgniter\Debug\Exceptions->errorHandler(8, 'Array to string...', 'C:\\Users\\Bon ca...', 51, Array)
#1 C:\Users\Bon cabe\Documents\pesanan\nando\nando-app\app\Controllers\Laporan.php(72): App\Models\Laporan->simpan(Array, Array, Array, Array, Array)
#2 C:\Users\Bon cabe\Documents\pesanan\nando\nando-app\vendor\codeigniter4\framework\system\CodeIgniter.php(928): App\Controllers\Laporan->keuanganTahunan()
#3 C:\Users\Bon cabe\Documents\pesanan\nando\nando-app\vendor\codeigniter4\framework\system\CodeIgniter.php(436): CodeIgniter\CodeIgniter->runController(Object(App\Controllers\Laporan))
#4 C:\Users\Bon cabe\Documents\pesanan\nando\nando-app\vendor\codeigniter4\framework\system\CodeIgniter.php(336): CodeIgniter\CodeIgniter->handleRequest(NULL, Object(Config\Cache), false)
#5 C:\Users\Bon cabe\Documents\pesanan\nando\nando-app\public\index.php(37): CodeIgniter\CodeIgniter->run()
#6 C:\Users\Bon cabe\Documents\pesanan\nando\nando-app\vendor\codeigniter4\framework\system\Commands\Server\rewrite.php(45): require_once('C:\\Users\\Bon ca...')
#7 {main}
CRITICAL - 2021-07-19 15:39:25 --> Undefined index: bulan_pengeluaran
#0 C:\Users\Bon cabe\Documents\pesanan\nando\nando-app\app\Models\Laporan.php(53): CodeIgniter\Debug\Exceptions->errorHandler(8, 'Undefined index...', 'C:\\Users\\Bon ca...', 53, Array)
#1 C:\Users\Bon cabe\Documents\pesanan\nando\nando-app\app\Controllers\Laporan.php(72): App\Models\Laporan->simpan(Array, Array, Array, Array, Array)
#2 C:\Users\Bon cabe\Documents\pesanan\nando\nando-app\vendor\codeigniter4\framework\system\CodeIgniter.php(928): App\Controllers\Laporan->keuanganTahunan()
#3 C:\Users\Bon cabe\Documents\pesanan\nando\nando-app\vendor\codeigniter4\framework\system\CodeIgniter.php(436): CodeIgniter\CodeIgniter->runController(Object(App\Controllers\Laporan))
#4 C:\Users\Bon cabe\Documents\pesanan\nando\nando-app\vendor\codeigniter4\framework\system\CodeIgniter.php(336): CodeIgniter\CodeIgniter->handleRequest(NULL, Object(Config\Cache), false)
#5 C:\Users\Bon cabe\Documents\pesanan\nando\nando-app\public\index.php(37): CodeIgniter\CodeIgniter->run()
#6 C:\Users\Bon cabe\Documents\pesanan\nando\nando-app\vendor\codeigniter4\framework\system\Commands\Server\rewrite.php(45): require_once('C:\\Users\\Bon ca...')
#7 {main}
CRITICAL - 2021-07-19 15:44:03 --> Argument 1 passed to CodeIgniter\BaseModel::doProtectFields() must be of the type array, string given, called in C:\Users\Bon cabe\Documents\pesanan\nando\nando-app\vendor\codeigniter4\framework\system\BaseModel.php on line 842
#0 C:\Users\Bon cabe\Documents\pesanan\nando\nando-app\vendor\codeigniter4\framework\system\BaseModel.php(842): CodeIgniter\BaseModel->doProtectFields('12')
#1 C:\Users\Bon cabe\Documents\pesanan\nando\nando-app\app\Models\Laporan.php(66): CodeIgniter\BaseModel->insertBatch(Array)
#2 C:\Users\Bon cabe\Documents\pesanan\nando\nando-app\app\Controllers\Laporan.php(74): App\Models\Laporan->simpan(Array, Array, Array, Array, Array)
#3 C:\Users\Bon cabe\Documents\pesanan\nando\nando-app\vendor\codeigniter4\framework\system\CodeIgniter.php(928): App\Controllers\Laporan->keuanganTahunan()
#4 C:\Users\Bon cabe\Documents\pesanan\nando\nando-app\vendor\codeigniter4\framework\system\CodeIgniter.php(436): CodeIgniter\CodeIgniter->runController(Object(App\Controllers\Laporan))
#5 C:\Users\Bon cabe\Documents\pesanan\nando\nando-app\vendor\codeigniter4\framework\system\CodeIgniter.php(336): CodeIgniter\CodeIgniter->handleRequest(NULL, Object(Config\Cache), false)
#6 C:\Users\Bon cabe\Documents\pesanan\nando\nando-app\public\index.php(37): CodeIgniter\CodeIgniter->run()
#7 C:\Users\Bon cabe\Documents\pesanan\nando\nando-app\vendor\codeigniter4\framework\system\Commands\Server\rewrite.php(45): require_once('C:\\Users\\Bon ca...')
#8 {main}
CRITICAL - 2021-07-19 15:44:47 --> Argument 1 passed to CodeIgniter\BaseModel::doProtectFields() must be of the type array, string given, called in C:\Users\Bon cabe\Documents\pesanan\nando\nando-app\vendor\codeigniter4\framework\system\BaseModel.php on line 842
#0 C:\Users\Bon cabe\Documents\pesanan\nando\nando-app\vendor\codeigniter4\framework\system\BaseModel.php(842): CodeIgniter\BaseModel->doProtectFields('07')
#1 C:\Users\Bon cabe\Documents\pesanan\nando\nando-app\app\Models\Laporan.php(63): CodeIgniter\BaseModel->insertBatch(Array)
#2 C:\Users\Bon cabe\Documents\pesanan\nando\nando-app\app\Controllers\Laporan.php(74): App\Models\Laporan->simpan(Array, Array, Array, Array, Array)
#3 C:\Users\Bon cabe\Documents\pesanan\nando\nando-app\vendor\codeigniter4\framework\system\CodeIgniter.php(928): App\Controllers\Laporan->keuanganTahunan()
#4 C:\Users\Bon cabe\Documents\pesanan\nando\nando-app\vendor\codeigniter4\framework\system\CodeIgniter.php(436): CodeIgniter\CodeIgniter->runController(Object(App\Controllers\Laporan))
#5 C:\Users\Bon cabe\Documents\pesanan\nando\nando-app\vendor\codeigniter4\framework\system\CodeIgniter.php(336): CodeIgniter\CodeIgniter->handleRequest(NULL, Object(Config\Cache), false)
#6 C:\Users\Bon cabe\Documents\pesanan\nando\nando-app\public\index.php(37): CodeIgniter\CodeIgniter->run()
#7 C:\Users\Bon cabe\Documents\pesanan\nando\nando-app\vendor\codeigniter4\framework\system\Commands\Server\rewrite.php(45): require_once('C:\\Users\\Bon ca...')
#8 {main}
