CRITICAL - 2021-06-21 02:52:43 --> Undefined index: nama_kamarphps 
#0 C:\Users\Bon cabe\Documents\pesanan\nando\nando-app\app\Views\pages\booking\tambah.php(24): CodeIgniter\Debug\Exceptions->errorHandler(8, 'Undefined index...', 'C:\\Users\\Bon ca...', 24, Array)
#1 C:\Users\Bon cabe\Documents\pesanan\nando\nando-app\vendor\codeigniter4\framework\system\View\View.php(230): include('C:\\Users\\Bon ca...')
#2 C:\Users\Bon cabe\Documents\pesanan\nando\nando-app\vendor\codeigniter4\framework\system\View\View.php(232): CodeIgniter\View\View->CodeIgniter\View\{closure}()
#3 C:\Users\Bon cabe\Documents\pesanan\nando\nando-app\vendor\codeigniter4\framework\system\Common.php(1271): CodeIgniter\View\View->render('pages/booking/t...', Array, true)
#4 C:\Users\Bon cabe\Documents\pesanan\nando\nando-app\app\Controllers\Booking.php(38): view('pages/booking/t...', Array)
#5 C:\Users\Bon cabe\Documents\pesanan\nando\nando-app\vendor\codeigniter4\framework\system\CodeIgniter.php(928): App\Controllers\Booking->create()
#6 C:\Users\Bon cabe\Documents\pesanan\nando\nando-app\vendor\codeigniter4\framework\system\CodeIgniter.php(436): CodeIgniter\CodeIgniter->runController(Object(App\Controllers\Booking))
#7 C:\Users\Bon cabe\Documents\pesanan\nando\nando-app\vendor\codeigniter4\framework\system\CodeIgniter.php(336): CodeIgniter\CodeIgniter->handleRequest(NULL, Object(Config\Cache), false)
#8 C:\Users\Bon cabe\Documents\pesanan\nando\nando-app\public\index.php(37): CodeIgniter\CodeIgniter->run()
#9 C:\Users\Bon cabe\Documents\pesanan\nando\nando-app\vendor\codeigniter4\framework\system\Commands\Server\rewrite.php(45): require_once('C:\\Users\\Bon ca...')
#10 {main}
CRITICAL - 2021-06-21 02:52:56 --> Undefined index: nama_kamar 
#0 C:\Users\Bon cabe\Documents\pesanan\nando\nando-app\app\Views\pages\booking\tambah.php(24): CodeIgniter\Debug\Exceptions->errorHandler(8, 'Undefined index...', 'C:\\Users\\Bon ca...', 24, Array)
#1 C:\Users\Bon cabe\Documents\pesanan\nando\nando-app\vendor\codeigniter4\framework\system\View\View.php(230): include('C:\\Users\\Bon ca...')
#2 C:\Users\Bon cabe\Documents\pesanan\nando\nando-app\vendor\codeigniter4\framework\system\View\View.php(232): CodeIgniter\View\View->CodeIgniter\View\{closure}()
#3 C:\Users\Bon cabe\Documents\pesanan\nando\nando-app\vendor\codeigniter4\framework\system\Common.php(1271): CodeIgniter\View\View->render('pages/booking/t...', Array, true)
#4 C:\Users\Bon cabe\Documents\pesanan\nando\nando-app\app\Controllers\Booking.php(38): view('pages/booking/t...', Array)
#5 C:\Users\Bon cabe\Documents\pesanan\nando\nando-app\vendor\codeigniter4\framework\system\CodeIgniter.php(928): App\Controllers\Booking->create()
#6 C:\Users\Bon cabe\Documents\pesanan\nando\nando-app\vendor\codeigniter4\framework\system\CodeIgniter.php(436): CodeIgniter\CodeIgniter->runController(Object(App\Controllers\Booking))
#7 C:\Users\Bon cabe\Documents\pesanan\nando\nando-app\vendor\codeigniter4\framework\system\CodeIgniter.php(336): CodeIgniter\CodeIgniter->handleRequest(NULL, Object(Config\Cache), false)
#8 C:\Users\Bon cabe\Documents\pesanan\nando\nando-app\public\index.php(37): CodeIgniter\CodeIgniter->run()
#9 C:\Users\Bon cabe\Documents\pesanan\nando\nando-app\vendor\codeigniter4\framework\system\Commands\Server\rewrite.php(45): require_once('C:\\Users\\Bon ca...')
#10 {main}
CRITICAL - 2021-06-21 03:47:41 --> Call to undefined method App\Models\Kamar::whre
#0 C:\Users\Bon cabe\Documents\pesanan\nando\nando-app\app\Controllers\Booking.php(35): CodeIgniter\Model->__call('whre', Array)
#1 C:\Users\Bon cabe\Documents\pesanan\nando\nando-app\vendor\codeigniter4\framework\system\CodeIgniter.php(928): App\Controllers\Booking->create()
#2 C:\Users\Bon cabe\Documents\pesanan\nando\nando-app\vendor\codeigniter4\framework\system\CodeIgniter.php(436): CodeIgniter\CodeIgniter->runController(Object(App\Controllers\Booking))
#3 C:\Users\Bon cabe\Documents\pesanan\nando\nando-app\vendor\codeigniter4\framework\system\CodeIgniter.php(336): CodeIgniter\CodeIgniter->handleRequest(NULL, Object(Config\Cache), false)
#4 C:\Users\Bon cabe\Documents\pesanan\nando\nando-app\public\index.php(37): CodeIgniter\CodeIgniter->run()
#5 C:\Users\Bon cabe\Documents\pesanan\nando\nando-app\vendor\codeigniter4\framework\system\Commands\Server\rewrite.php(45): require_once('C:\\Users\\Bon ca...')
#6 {main}
ERROR - 2021-06-21 09:56:57 --> Operand should contain 1 column(s)
CRITICAL - 2021-06-21 09:56:57 --> Operand should contain 1 column(s)
#0 C:\Users\Bon cabe\Documents\pesanan\nando\nando-app\vendor\codeigniter4\framework\system\Database\MySQLi\Connection.php(329): mysqli->query('INSERT INTO `ta...')
#1 C:\Users\Bon cabe\Documents\pesanan\nando\nando-app\vendor\codeigniter4\framework\system\Database\BaseConnection.php(732): CodeIgniter\Database\MySQLi\Connection->execute('INSERT INTO `ta...')
#2 C:\Users\Bon cabe\Documents\pesanan\nando\nando-app\vendor\codeigniter4\framework\system\Database\BaseConnection.php(647): CodeIgniter\Database\BaseConnection->simpleQuery('INSERT INTO `ta...')
#3 C:\Users\Bon cabe\Documents\pesanan\nando\nando-app\vendor\codeigniter4\framework\system\Database\BaseBuilder.php(2120): CodeIgniter\Database\BaseConnection->query('INSERT INTO `ta...', Array, false)
#4 C:\Users\Bon cabe\Documents\pesanan\nando\nando-app\app\Models\Tambahan.php(53): CodeIgniter\Database\BaseBuilder->insertBatch(Array)
#5 C:\Users\Bon cabe\Documents\pesanan\nando\nando-app\app\Controllers\Booking.php(47): App\Models\Tambahan->simpan(Array, Array)
#6 C:\Users\Bon cabe\Documents\pesanan\nando\nando-app\vendor\codeigniter4\framework\system\CodeIgniter.php(928): App\Controllers\Booking->store()
#7 C:\Users\Bon cabe\Documents\pesanan\nando\nando-app\vendor\codeigniter4\framework\system\CodeIgniter.php(436): CodeIgniter\CodeIgniter->runController(Object(App\Controllers\Booking))
#8 C:\Users\Bon cabe\Documents\pesanan\nando\nando-app\vendor\codeigniter4\framework\system\CodeIgniter.php(336): CodeIgniter\CodeIgniter->handleRequest(NULL, Object(Config\Cache), false)
#9 C:\Users\Bon cabe\Documents\pesanan\nando\nando-app\public\index.php(37): CodeIgniter\CodeIgniter->run()
#10 C:\Users\Bon cabe\Documents\pesanan\nando\nando-app\vendor\codeigniter4\framework\system\Commands\Server\rewrite.php(45): require_once('C:\\Users\\Bon ca...')
#11 {main}
ERROR - 2021-06-21 10:09:53 --> Operand should contain 1 column(s)
CRITICAL - 2021-06-21 10:09:53 --> Operand should contain 1 column(s)
#0 C:\Users\Bon cabe\Documents\pesanan\nando\nando-app\vendor\codeigniter4\framework\system\Database\MySQLi\Connection.php(329): mysqli->query('INSERT INTO `ta...')
#1 C:\Users\Bon cabe\Documents\pesanan\nando\nando-app\vendor\codeigniter4\framework\system\Database\BaseConnection.php(732): CodeIgniter\Database\MySQLi\Connection->execute('INSERT INTO `ta...')
#2 C:\Users\Bon cabe\Documents\pesanan\nando\nando-app\vendor\codeigniter4\framework\system\Database\BaseConnection.php(647): CodeIgniter\Database\BaseConnection->simpleQuery('INSERT INTO `ta...')
#3 C:\Users\Bon cabe\Documents\pesanan\nando\nando-app\vendor\codeigniter4\framework\system\Database\BaseBuilder.php(2120): CodeIgniter\Database\BaseConnection->query('INSERT INTO `ta...', Array, false)
#4 C:\Users\Bon cabe\Documents\pesanan\nando\nando-app\app\Models\Tambahan.php(53): CodeIgniter\Database\BaseBuilder->insertBatch(Array)
#5 C:\Users\Bon cabe\Documents\pesanan\nando\nando-app\app\Controllers\Booking.php(47): App\Models\Tambahan->simpan(Array, Array)
#6 C:\Users\Bon cabe\Documents\pesanan\nando\nando-app\vendor\codeigniter4\framework\system\CodeIgniter.php(928): App\Controllers\Booking->store()
#7 C:\Users\Bon cabe\Documents\pesanan\nando\nando-app\vendor\codeigniter4\framework\system\CodeIgniter.php(436): CodeIgniter\CodeIgniter->runController(Object(App\Controllers\Booking))
#8 C:\Users\Bon cabe\Documents\pesanan\nando\nando-app\vendor\codeigniter4\framework\system\CodeIgniter.php(336): CodeIgniter\CodeIgniter->handleRequest(NULL, Object(Config\Cache), false)
#9 C:\Users\Bon cabe\Documents\pesanan\nando\nando-app\public\index.php(37): CodeIgniter\CodeIgniter->run()
#10 C:\Users\Bon cabe\Documents\pesanan\nando\nando-app\vendor\codeigniter4\framework\system\Commands\Server\rewrite.php(45): require_once('C:\\Users\\Bon ca...')
#11 {main}
ERROR - 2021-06-21 11:07:30 --> Operand should contain 1 column(s)
CRITICAL - 2021-06-21 11:07:30 --> Operand should contain 1 column(s)
#0 C:\Users\Bon cabe\Documents\pesanan\nando\nando-app\vendor\codeigniter4\framework\system\Database\MySQLi\Connection.php(329): mysqli->query('INSERT INTO `ta...')
#1 C:\Users\Bon cabe\Documents\pesanan\nando\nando-app\vendor\codeigniter4\framework\system\Database\BaseConnection.php(732): CodeIgniter\Database\MySQLi\Connection->execute('INSERT INTO `ta...')
#2 C:\Users\Bon cabe\Documents\pesanan\nando\nando-app\vendor\codeigniter4\framework\system\Database\BaseConnection.php(647): CodeIgniter\Database\BaseConnection->simpleQuery('INSERT INTO `ta...')
#3 C:\Users\Bon cabe\Documents\pesanan\nando\nando-app\vendor\codeigniter4\framework\system\Database\BaseBuilder.php(2120): CodeIgniter\Database\BaseConnection->query('INSERT INTO `ta...', Array, false)
#4 C:\Users\Bon cabe\Documents\pesanan\nando\nando-app\app\Models\Tambahan.php(53): CodeIgniter\Database\BaseBuilder->insertBatch(Array)
#5 C:\Users\Bon cabe\Documents\pesanan\nando\nando-app\app\Controllers\Booking.php(48): App\Models\Tambahan->simpan(Array, Array)
#6 C:\Users\Bon cabe\Documents\pesanan\nando\nando-app\vendor\codeigniter4\framework\system\CodeIgniter.php(928): App\Controllers\Booking->store()
#7 C:\Users\Bon cabe\Documents\pesanan\nando\nando-app\vendor\codeigniter4\framework\system\CodeIgniter.php(436): CodeIgniter\CodeIgniter->runController(Object(App\Controllers\Booking))
#8 C:\Users\Bon cabe\Documents\pesanan\nando\nando-app\vendor\codeigniter4\framework\system\CodeIgniter.php(336): CodeIgniter\CodeIgniter->handleRequest(NULL, Object(Config\Cache), false)
#9 C:\Users\Bon cabe\Documents\pesanan\nando\nando-app\public\index.php(37): CodeIgniter\CodeIgniter->run()
#10 C:\Users\Bon cabe\Documents\pesanan\nando\nando-app\vendor\codeigniter4\framework\system\Commands\Server\rewrite.php(45): require_once('C:\\Users\\Bon ca...')
#11 {main}
CRITICAL - 2021-06-21 11:11:27 --> array_keys() expects parameter 1 to be array, string given
#0 [internal function]: CodeIgniter\Debug\Exceptions->errorHandler(2, 'array_keys() ex...', 'C:\\Users\\Bon ca...', 2179, Array)
#1 C:\Users\Bon cabe\Documents\pesanan\nando\nando-app\vendor\codeigniter4\framework\system\Database\BaseBuilder.php(2179): array_keys('air')
#2 C:\Users\Bon cabe\Documents\pesanan\nando\nando-app\vendor\codeigniter4\framework\system\Database\BaseBuilder.php(2103): CodeIgniter\Database\BaseBuilder->setInsertBatch(Array, NULL, true)
#3 C:\Users\Bon cabe\Documents\pesanan\nando\nando-app\app\Models\Tambahan.php(53): CodeIgniter\Database\BaseBuilder->insertBatch(Array)
#4 C:\Users\Bon cabe\Documents\pesanan\nando\nando-app\app\Controllers\Booking.php(48): App\Models\Tambahan->simpan(Array, Array)
#5 C:\Users\Bon cabe\Documents\pesanan\nando\nando-app\vendor\codeigniter4\framework\system\CodeIgniter.php(928): App\Controllers\Booking->store()
#6 C:\Users\Bon cabe\Documents\pesanan\nando\nando-app\vendor\codeigniter4\framework\system\CodeIgniter.php(436): CodeIgniter\CodeIgniter->runController(Object(App\Controllers\Booking))
#7 C:\Users\Bon cabe\Documents\pesanan\nando\nando-app\vendor\codeigniter4\framework\system\CodeIgniter.php(336): CodeIgniter\CodeIgniter->handleRequest(NULL, Object(Config\Cache), false)
#8 C:\Users\Bon cabe\Documents\pesanan\nando\nando-app\public\index.php(37): CodeIgniter\CodeIgniter->run()
#9 C:\Users\Bon cabe\Documents\pesanan\nando\nando-app\vendor\codeigniter4\framework\system\Commands\Server\rewrite.php(45): require_once('C:\\Users\\Bon ca...')
#10 {main}
CRITICAL - 2021-06-21 11:45:43 --> Undefined index: listrik
#0 C:\Users\Bon cabe\Documents\pesanan\nando\nando-app\app\Models\Tambahan.php(49): CodeIgniter\Debug\Exceptions->errorHandler(8, 'Undefined index...', 'C:\\Users\\Bon ca...', 49, Array)
#1 C:\Users\Bon cabe\Documents\pesanan\nando\nando-app\app\Controllers\Booking.php(49): App\Models\Tambahan->simpan(Array, '7')
#2 C:\Users\Bon cabe\Documents\pesanan\nando\nando-app\vendor\codeigniter4\framework\system\CodeIgniter.php(928): App\Controllers\Booking->store()
#3 C:\Users\Bon cabe\Documents\pesanan\nando\nando-app\vendor\codeigniter4\framework\system\CodeIgniter.php(436): CodeIgniter\CodeIgniter->runController(Object(App\Controllers\Booking))
#4 C:\Users\Bon cabe\Documents\pesanan\nando\nando-app\vendor\codeigniter4\framework\system\CodeIgniter.php(336): CodeIgniter\CodeIgniter->handleRequest(NULL, Object(Config\Cache), false)
#5 C:\Users\Bon cabe\Documents\pesanan\nando\nando-app\public\index.php(37): CodeIgniter\CodeIgniter->run()
#6 C:\Users\Bon cabe\Documents\pesanan\nando\nando-app\vendor\codeigniter4\framework\system\Commands\Server\rewrite.php(45): require_once('C:\\Users\\Bon ca...')
#7 {main}
CRITICAL - 2021-06-21 11:55:16 --> Illegal string offset 'kamar'
#0 C:\Users\Bon cabe\Documents\pesanan\nando\nando-app\app\Models\Kamar.php(76): CodeIgniter\Debug\Exceptions->errorHandler(2, 'Illegal string ...', 'C:\\Users\\Bon ca...', 76, Array)
#1 C:\Users\Bon cabe\Documents\pesanan\nando\nando-app\app\Controllers\Booking.php(45): App\Models\Kamar->updateStatus('3')
#2 C:\Users\Bon cabe\Documents\pesanan\nando\nando-app\vendor\codeigniter4\framework\system\CodeIgniter.php(928): App\Controllers\Booking->store()
#3 C:\Users\Bon cabe\Documents\pesanan\nando\nando-app\vendor\codeigniter4\framework\system\CodeIgniter.php(436): CodeIgniter\CodeIgniter->runController(Object(App\Controllers\Booking))
#4 C:\Users\Bon cabe\Documents\pesanan\nando\nando-app\vendor\codeigniter4\framework\system\CodeIgniter.php(336): CodeIgniter\CodeIgniter->handleRequest(NULL, Object(Config\Cache), false)
#5 C:\Users\Bon cabe\Documents\pesanan\nando\nando-app\public\index.php(37): CodeIgniter\CodeIgniter->run()
#6 C:\Users\Bon cabe\Documents\pesanan\nando\nando-app\vendor\codeigniter4\framework\system\Commands\Server\rewrite.php(45): require_once('C:\\Users\\Bon ca...')
#7 {main}
CRITICAL - 2021-06-21 22:20:25 --> Unparenthesized `a ? b : c ? d : e` is deprecated. Use either `(a ? b : c) ? d : e` or `a ? b : (c ? d : e)`
#0 C:\Users\Bon cabe\Documents\pesanan\nando\nando-app\vendor\codeigniter4\framework\system\View\View.php(230): CodeIgniter\Debug\Exceptions->errorHandler(8192, 'Unparenthesized...', 'C:\\Users\\Bon ca...', 51, Array)
#1 C:\Users\Bon cabe\Documents\pesanan\nando\nando-app\vendor\codeigniter4\framework\system\View\View.php(230): include()
#2 C:\Users\Bon cabe\Documents\pesanan\nando\nando-app\vendor\codeigniter4\framework\system\View\View.php(232): CodeIgniter\View\View->CodeIgniter\View\{closure}()
#3 C:\Users\Bon cabe\Documents\pesanan\nando\nando-app\vendor\codeigniter4\framework\system\Common.php(1271): CodeIgniter\View\View->render('pages/booking/b...', Array, true)
#4 C:\Users\Bon cabe\Documents\pesanan\nando\nando-app\app\Controllers\Booking.php(31): view('pages/booking/b...', Array)
#5 C:\Users\Bon cabe\Documents\pesanan\nando\nando-app\vendor\codeigniter4\framework\system\CodeIgniter.php(928): App\Controllers\Booking->index()
#6 C:\Users\Bon cabe\Documents\pesanan\nando\nando-app\vendor\codeigniter4\framework\system\CodeIgniter.php(436): CodeIgniter\CodeIgniter->runController(Object(App\Controllers\Booking))
#7 C:\Users\Bon cabe\Documents\pesanan\nando\nando-app\vendor\codeigniter4\framework\system\CodeIgniter.php(336): CodeIgniter\CodeIgniter->handleRequest(NULL, Object(Config\Cache), false)
#8 C:\Users\Bon cabe\Documents\pesanan\nando\nando-app\public\index.php(37): CodeIgniter\CodeIgniter->run()
#9 C:\Users\Bon cabe\Documents\pesanan\nando\nando-app\vendor\codeigniter4\framework\system\Commands\Server\rewrite.php(45): require_once('C:\\Users\\Bon ca...')
#10 {main}
