CRITICAL - 2021-06-16 23:37:51 --> include(components/meta): failed to open stream: No such file or directory
#0 C:\Users\Bon cabe\Documents\pesanan\nando\nando-app\app\Views\layouts\default.php(5): CodeIgniter\Debug\Exceptions->errorHandler(2, 'include(compone...', 'C:\\Users\\Bon ca...', 5, Array)
#1 C:\Users\Bon cabe\Documents\pesanan\nando\nando-app\app\Views\layouts\default.php(5): include()
#2 C:\Users\Bon cabe\Documents\pesanan\nando\nando-app\vendor\codeigniter4\framework\system\View\View.php(230): include('C:\\Users\\Bon ca...')
#3 C:\Users\Bon cabe\Documents\pesanan\nando\nando-app\vendor\codeigniter4\framework\system\View\View.php(232): CodeIgniter\View\View->CodeIgniter\View\{closure}()
#4 C:\Users\Bon cabe\Documents\pesanan\nando\nando-app\vendor\codeigniter4\framework\system\View\View.php(246): CodeIgniter\View\View->render('layouts/default', Array, true)
#5 C:\Users\Bon cabe\Documents\pesanan\nando\nando-app\vendor\codeigniter4\framework\system\Common.php(1271): CodeIgniter\View\View->render('pages/dashboard', Array, true)
#6 C:\Users\Bon cabe\Documents\pesanan\nando\nando-app\app\Controllers\Home.php(9): view('pages/dashboard')
#7 C:\Users\Bon cabe\Documents\pesanan\nando\nando-app\vendor\codeigniter4\framework\system\CodeIgniter.php(928): App\Controllers\Home->index()
#8 C:\Users\Bon cabe\Documents\pesanan\nando\nando-app\vendor\codeigniter4\framework\system\CodeIgniter.php(436): CodeIgniter\CodeIgniter->runController(Object(App\Controllers\Home))
#9 C:\Users\Bon cabe\Documents\pesanan\nando\nando-app\vendor\codeigniter4\framework\system\CodeIgniter.php(336): CodeIgniter\CodeIgniter->handleRequest(NULL, Object(Config\Cache), false)
#10 C:\Users\Bon cabe\Documents\pesanan\nando\nando-app\public\index.php(37): CodeIgniter\CodeIgniter->run()
#11 C:\Users\Bon cabe\Documents\pesanan\nando\nando-app\vendor\codeigniter4\framework\system\Commands\Server\rewrite.php(45): require_once('C:\\Users\\Bon ca...')
#12 {main}
CRITICAL - 2021-06-16 23:37:57 --> include(components/meta): failed to open stream: No such file or directory
#0 C:\Users\Bon cabe\Documents\pesanan\nando\nando-app\app\Views\layouts\default.php(5): CodeIgniter\Debug\Exceptions->errorHandler(2, 'include(compone...', 'C:\\Users\\Bon ca...', 5, Array)
#1 C:\Users\Bon cabe\Documents\pesanan\nando\nando-app\app\Views\layouts\default.php(5): include()
#2 C:\Users\Bon cabe\Documents\pesanan\nando\nando-app\vendor\codeigniter4\framework\system\View\View.php(230): include('C:\\Users\\Bon ca...')
#3 C:\Users\Bon cabe\Documents\pesanan\nando\nando-app\vendor\codeigniter4\framework\system\View\View.php(232): CodeIgniter\View\View->CodeIgniter\View\{closure}()
#4 C:\Users\Bon cabe\Documents\pesanan\nando\nando-app\vendor\codeigniter4\framework\system\View\View.php(246): CodeIgniter\View\View->render('layouts/default', Array, true)
#5 C:\Users\Bon cabe\Documents\pesanan\nando\nando-app\vendor\codeigniter4\framework\system\Common.php(1271): CodeIgniter\View\View->render('pages/dashboard', Array, true)
#6 C:\Users\Bon cabe\Documents\pesanan\nando\nando-app\app\Controllers\Home.php(9): view('pages/dashboard')
#7 C:\Users\Bon cabe\Documents\pesanan\nando\nando-app\vendor\codeigniter4\framework\system\CodeIgniter.php(928): App\Controllers\Home->index()
#8 C:\Users\Bon cabe\Documents\pesanan\nando\nando-app\vendor\codeigniter4\framework\system\CodeIgniter.php(436): CodeIgniter\CodeIgniter->runController(Object(App\Controllers\Home))
#9 C:\Users\Bon cabe\Documents\pesanan\nando\nando-app\vendor\codeigniter4\framework\system\CodeIgniter.php(336): CodeIgniter\CodeIgniter->handleRequest(NULL, Object(Config\Cache), false)
#10 C:\Users\Bon cabe\Documents\pesanan\nando\nando-app\public\index.php(37): CodeIgniter\CodeIgniter->run()
#11 C:\Users\Bon cabe\Documents\pesanan\nando\nando-app\vendor\codeigniter4\framework\system\Commands\Server\rewrite.php(45): require_once('C:\\Users\\Bon ca...')
#12 {main}
CRITICAL - 2021-06-16 23:37:57 --> include(components/meta): failed to open stream: No such file or directory
#0 C:\Users\Bon cabe\Documents\pesanan\nando\nando-app\app\Views\layouts\default.php(5): CodeIgniter\Debug\Exceptions->errorHandler(2, 'include(compone...', 'C:\\Users\\Bon ca...', 5, Array)
#1 C:\Users\Bon cabe\Documents\pesanan\nando\nando-app\app\Views\layouts\default.php(5): include()
#2 C:\Users\Bon cabe\Documents\pesanan\nando\nando-app\vendor\codeigniter4\framework\system\View\View.php(230): include('C:\\Users\\Bon ca...')
#3 C:\Users\Bon cabe\Documents\pesanan\nando\nando-app\vendor\codeigniter4\framework\system\View\View.php(232): CodeIgniter\View\View->CodeIgniter\View\{closure}()
#4 C:\Users\Bon cabe\Documents\pesanan\nando\nando-app\vendor\codeigniter4\framework\system\View\View.php(246): CodeIgniter\View\View->render('layouts/default', Array, true)
#5 C:\Users\Bon cabe\Documents\pesanan\nando\nando-app\vendor\codeigniter4\framework\system\Common.php(1271): CodeIgniter\View\View->render('pages/dashboard', Array, true)
#6 C:\Users\Bon cabe\Documents\pesanan\nando\nando-app\app\Controllers\Home.php(9): view('pages/dashboard')
#7 C:\Users\Bon cabe\Documents\pesanan\nando\nando-app\vendor\codeigniter4\framework\system\CodeIgniter.php(928): App\Controllers\Home->index()
#8 C:\Users\Bon cabe\Documents\pesanan\nando\nando-app\vendor\codeigniter4\framework\system\CodeIgniter.php(436): CodeIgniter\CodeIgniter->runController(Object(App\Controllers\Home))
#9 C:\Users\Bon cabe\Documents\pesanan\nando\nando-app\vendor\codeigniter4\framework\system\CodeIgniter.php(336): CodeIgniter\CodeIgniter->handleRequest(NULL, Object(Config\Cache), false)
#10 C:\Users\Bon cabe\Documents\pesanan\nando\nando-app\public\index.php(37): CodeIgniter\CodeIgniter->run()
#11 C:\Users\Bon cabe\Documents\pesanan\nando\nando-app\vendor\codeigniter4\framework\system\Commands\Server\rewrite.php(45): require_once('C:\\Users\\Bon ca...')
#12 {main}
CRITICAL - 2021-06-16 23:37:58 --> include(components/meta): failed to open stream: No such file or directory
#0 C:\Users\Bon cabe\Documents\pesanan\nando\nando-app\app\Views\layouts\default.php(5): CodeIgniter\Debug\Exceptions->errorHandler(2, 'include(compone...', 'C:\\Users\\Bon ca...', 5, Array)
#1 C:\Users\Bon cabe\Documents\pesanan\nando\nando-app\app\Views\layouts\default.php(5): include()
#2 C:\Users\Bon cabe\Documents\pesanan\nando\nando-app\vendor\codeigniter4\framework\system\View\View.php(230): include('C:\\Users\\Bon ca...')
#3 C:\Users\Bon cabe\Documents\pesanan\nando\nando-app\vendor\codeigniter4\framework\system\View\View.php(232): CodeIgniter\View\View->CodeIgniter\View\{closure}()
#4 C:\Users\Bon cabe\Documents\pesanan\nando\nando-app\vendor\codeigniter4\framework\system\View\View.php(246): CodeIgniter\View\View->render('layouts/default', Array, true)
#5 C:\Users\Bon cabe\Documents\pesanan\nando\nando-app\vendor\codeigniter4\framework\system\Common.php(1271): CodeIgniter\View\View->render('pages/dashboard', Array, true)
#6 C:\Users\Bon cabe\Documents\pesanan\nando\nando-app\app\Controllers\Home.php(9): view('pages/dashboard')
#7 C:\Users\Bon cabe\Documents\pesanan\nando\nando-app\vendor\codeigniter4\framework\system\CodeIgniter.php(928): App\Controllers\Home->index()
#8 C:\Users\Bon cabe\Documents\pesanan\nando\nando-app\vendor\codeigniter4\framework\system\CodeIgniter.php(436): CodeIgniter\CodeIgniter->runController(Object(App\Controllers\Home))
#9 C:\Users\Bon cabe\Documents\pesanan\nando\nando-app\vendor\codeigniter4\framework\system\CodeIgniter.php(336): CodeIgniter\CodeIgniter->handleRequest(NULL, Object(Config\Cache), false)
#10 C:\Users\Bon cabe\Documents\pesanan\nando\nando-app\public\index.php(37): CodeIgniter\CodeIgniter->run()
#11 C:\Users\Bon cabe\Documents\pesanan\nando\nando-app\vendor\codeigniter4\framework\system\Commands\Server\rewrite.php(45): require_once('C:\\Users\\Bon ca...')
#12 {main}
CRITICAL - 2021-06-16 23:37:58 --> include(components/meta): failed to open stream: No such file or directory
#0 C:\Users\Bon cabe\Documents\pesanan\nando\nando-app\app\Views\layouts\default.php(5): CodeIgniter\Debug\Exceptions->errorHandler(2, 'include(compone...', 'C:\\Users\\Bon ca...', 5, Array)
#1 C:\Users\Bon cabe\Documents\pesanan\nando\nando-app\app\Views\layouts\default.php(5): include()
#2 C:\Users\Bon cabe\Documents\pesanan\nando\nando-app\vendor\codeigniter4\framework\system\View\View.php(230): include('C:\\Users\\Bon ca...')
#3 C:\Users\Bon cabe\Documents\pesanan\nando\nando-app\vendor\codeigniter4\framework\system\View\View.php(232): CodeIgniter\View\View->CodeIgniter\View\{closure}()
#4 C:\Users\Bon cabe\Documents\pesanan\nando\nando-app\vendor\codeigniter4\framework\system\View\View.php(246): CodeIgniter\View\View->render('layouts/default', Array, true)
#5 C:\Users\Bon cabe\Documents\pesanan\nando\nando-app\vendor\codeigniter4\framework\system\Common.php(1271): CodeIgniter\View\View->render('pages/dashboard', Array, true)
#6 C:\Users\Bon cabe\Documents\pesanan\nando\nando-app\app\Controllers\Home.php(9): view('pages/dashboard')
#7 C:\Users\Bon cabe\Documents\pesanan\nando\nando-app\vendor\codeigniter4\framework\system\CodeIgniter.php(928): App\Controllers\Home->index()
#8 C:\Users\Bon cabe\Documents\pesanan\nando\nando-app\vendor\codeigniter4\framework\system\CodeIgniter.php(436): CodeIgniter\CodeIgniter->runController(Object(App\Controllers\Home))
#9 C:\Users\Bon cabe\Documents\pesanan\nando\nando-app\vendor\codeigniter4\framework\system\CodeIgniter.php(336): CodeIgniter\CodeIgniter->handleRequest(NULL, Object(Config\Cache), false)
#10 C:\Users\Bon cabe\Documents\pesanan\nando\nando-app\public\index.php(37): CodeIgniter\CodeIgniter->run()
#11 C:\Users\Bon cabe\Documents\pesanan\nando\nando-app\vendor\codeigniter4\framework\system\Commands\Server\rewrite.php(45): require_once('C:\\Users\\Bon ca...')
#12 {main}
CRITICAL - 2021-06-16 23:38:21 --> include(components/meta): failed to open stream: No such file or directory
#0 C:\Users\Bon cabe\Documents\pesanan\nando\nando-app\app\Views\layouts\default.php(5): CodeIgniter\Debug\Exceptions->errorHandler(2, 'include(compone...', 'C:\\Users\\Bon ca...', 5, Array)
#1 C:\Users\Bon cabe\Documents\pesanan\nando\nando-app\app\Views\layouts\default.php(5): include()
#2 C:\Users\Bon cabe\Documents\pesanan\nando\nando-app\vendor\codeigniter4\framework\system\View\View.php(230): include('C:\\Users\\Bon ca...')
#3 C:\Users\Bon cabe\Documents\pesanan\nando\nando-app\vendor\codeigniter4\framework\system\View\View.php(232): CodeIgniter\View\View->CodeIgniter\View\{closure}()
#4 C:\Users\Bon cabe\Documents\pesanan\nando\nando-app\vendor\codeigniter4\framework\system\View\View.php(246): CodeIgniter\View\View->render('layouts/default', Array, true)
#5 C:\Users\Bon cabe\Documents\pesanan\nando\nando-app\vendor\codeigniter4\framework\system\Common.php(1271): CodeIgniter\View\View->render('pages/dashboard', Array, true)
#6 C:\Users\Bon cabe\Documents\pesanan\nando\nando-app\app\Controllers\Home.php(9): view('pages/dashboard')
#7 C:\Users\Bon cabe\Documents\pesanan\nando\nando-app\vendor\codeigniter4\framework\system\CodeIgniter.php(928): App\Controllers\Home->index()
#8 C:\Users\Bon cabe\Documents\pesanan\nando\nando-app\vendor\codeigniter4\framework\system\CodeIgniter.php(436): CodeIgniter\CodeIgniter->runController(Object(App\Controllers\Home))
#9 C:\Users\Bon cabe\Documents\pesanan\nando\nando-app\vendor\codeigniter4\framework\system\CodeIgniter.php(336): CodeIgniter\CodeIgniter->handleRequest(NULL, Object(Config\Cache), false)
#10 C:\Users\Bon cabe\Documents\pesanan\nando\nando-app\public\index.php(37): CodeIgniter\CodeIgniter->run()
#11 C:\Users\Bon cabe\Documents\pesanan\nando\nando-app\vendor\codeigniter4\framework\system\Commands\Server\rewrite.php(45): require_once('C:\\Users\\Bon ca...')
#12 {main}
CRITICAL - 2021-06-16 23:38:36 --> Invalid file: navbar.php
#0 C:\Users\Bon cabe\Documents\pesanan\nando\nando-app\vendor\codeigniter4\framework\system\View\View.php(213): CodeIgniter\Exceptions\FrameworkException::forInvalidFile('navbar.php')
#1 C:\Users\Bon cabe\Documents\pesanan\nando\nando-app\vendor\codeigniter4\framework\system\View\View.php(487): CodeIgniter\View\View->render('navbar', NULL, true)
#2 C:\Users\Bon cabe\Documents\pesanan\nando\nando-app\app\Views\layouts\default.php(14): CodeIgniter\View\View->include('navbar')
#3 C:\Users\Bon cabe\Documents\pesanan\nando\nando-app\vendor\codeigniter4\framework\system\View\View.php(230): include('C:\\Users\\Bon ca...')
#4 C:\Users\Bon cabe\Documents\pesanan\nando\nando-app\vendor\codeigniter4\framework\system\View\View.php(232): CodeIgniter\View\View->CodeIgniter\View\{closure}()
#5 C:\Users\Bon cabe\Documents\pesanan\nando\nando-app\vendor\codeigniter4\framework\system\View\View.php(246): CodeIgniter\View\View->render('layouts/default', Array, true)
#6 C:\Users\Bon cabe\Documents\pesanan\nando\nando-app\vendor\codeigniter4\framework\system\Common.php(1271): CodeIgniter\View\View->render('pages/dashboard', Array, true)
#7 C:\Users\Bon cabe\Documents\pesanan\nando\nando-app\app\Controllers\Home.php(9): view('pages/dashboard')
#8 C:\Users\Bon cabe\Documents\pesanan\nando\nando-app\vendor\codeigniter4\framework\system\CodeIgniter.php(928): App\Controllers\Home->index()
#9 C:\Users\Bon cabe\Documents\pesanan\nando\nando-app\vendor\codeigniter4\framework\system\CodeIgniter.php(436): CodeIgniter\CodeIgniter->runController(Object(App\Controllers\Home))
#10 C:\Users\Bon cabe\Documents\pesanan\nando\nando-app\vendor\codeigniter4\framework\system\CodeIgniter.php(336): CodeIgniter\CodeIgniter->handleRequest(NULL, Object(Config\Cache), false)
#11 C:\Users\Bon cabe\Documents\pesanan\nando\nando-app\public\index.php(37): CodeIgniter\CodeIgniter->run()
#12 C:\Users\Bon cabe\Documents\pesanan\nando\nando-app\vendor\codeigniter4\framework\system\Commands\Server\rewrite.php(45): require_once('C:\\Users\\Bon ca...')
#13 {main}
